<?xml version="1.0" encoding="UTF-8"?>
<testng-results total="3" passed="3" failed="0" skipped="0">
  <reporter-output>
  </reporter-output>
  <suite started-at="2024-12-22T08:29:02Z" name="Test Suite for Buildout" finished-at="2024-12-22T08:29:46Z" duration-ms="44049">
    <groups>
    </groups>
    <test started-at="2024-12-22T08:29:02Z" name="Test Cases for Buildout" finished-at="2024-12-22T08:29:46Z" duration-ms="44049">
      <class name="demo.TestCases">
        <test-method is-config="true" signature="startBrowser()[pri:0, instance:demo.TestCases@349c1daf]" started-at="2024-12-22T13:59:02Z" name="startBrowser" finished-at="2024-12-22T13:59:06Z" duration-ms="3846" status="PASS">
          <reporter-output>
          </reporter-output>
        </test-method> <!-- startBrowser -->
        <test-method signature="testCase01()[pri:0, instance:demo.TestCases@349c1daf]" started-at="2024-12-22T13:59:06Z" name="testCase01" description="Search Product by Popularity" finished-at="2024-12-22T13:59:20Z" duration-ms="13958" status="PASS">
          <reporter-output>
          </reporter-output>
        </test-method> <!-- testCase01 -->
        <test-method signature="testCase02()[pri:0, instance:demo.TestCases@349c1daf]" started-at="2024-12-22T13:59:20Z" name="testCase02" description="Search IPhone Product" finished-at="2024-12-22T13:59:30Z" duration-ms="9625" status="PASS">
          <reporter-output>
          </reporter-output>
        </test-method> <!-- testCase02 -->
        <test-method signature="testCase03()[pri:0, instance:demo.TestCases@349c1daf]" started-at="2024-12-22T13:59:30Z" name="testCase03" description="Search Coffee Mug" finished-at="2024-12-22T13:59:46Z" duration-ms="15903" status="PASS">
          <reporter-output>
          </reporter-output>
        </test-method> <!-- testCase03 -->
        <test-method is-config="true" signature="endTest()[pri:0, instance:demo.TestCases@349c1daf]" started-at="2024-12-22T13:59:46Z" name="endTest" finished-at="2024-12-22T13:59:46Z" duration-ms="711" status="PASS">
          <reporter-output>
          </reporter-output>
        </test-method> <!-- endTest -->
      </class> <!-- demo.TestCases -->
    </test> <!-- Test Cases for Buildout -->
  </suite> <!-- Test Suite for Buildout -->
</testng-results>
